<?xml version="1.0" encoding="UTF-8"?>
<testsuite name="com.ambrin.crawler.service.SearchEngineTest" tests="1" skipped="0" failures="0" errors="0" timestamp="2020-04-15T01:26:32" hostname="Ambrins-MBP.attlocal.net" time="0.798">
  <properties/>
  <testcase name="should_returnCorrectResults_when_searchingForJewelHands" classname="com.ambrin.crawler.service.SearchEngineTest" time="0.798"/>
  <system-out><![CDATA[]]></system-out>
  <system-err><![CDATA[]]></system-err>
</testsuite>
